0 info it worked if it ends with ok
1 verbose cli [ 'node',
1 verbose cli   '/usr/local/bin/npm',
1 verbose cli   'install',
1 verbose cli   '--save',
1 verbose cli   'child_process' ]
2 info using npm@1.4.14
3 info using node@v0.10.29
4 warn package.json querystring@0.2.0 querystring is also the name of a node core module.
5 verbose readDependencies using package.json deps
6 verbose cache add [ 'child_process', null ]
7 verbose cache add name=undefined spec="child_process" args=["child_process",null]
8 verbose parsed url { protocol: null,
8 verbose parsed url   slashes: null,
8 verbose parsed url   auth: null,
8 verbose parsed url   host: null,
8 verbose parsed url   port: null,
8 verbose parsed url   hostname: null,
8 verbose parsed url   hash: null,
8 verbose parsed url   search: null,
8 verbose parsed url   query: null,
8 verbose parsed url   pathname: 'child_process',
8 verbose parsed url   path: 'child_process',
8 verbose parsed url   href: 'child_process' }
9 silly lockFile 4845fa97-child-process child_process
10 verbose lock child_process /Users/apprentice/.npm/4845fa97-child-process.lock
11 silly lockFile 4845fa97-child-process child_process
12 silly lockFile 4845fa97-child-process child_process
13 verbose addNamed [ 'child_process', '' ]
14 verbose addNamed [ null, '*' ]
15 silly lockFile 512a7ef6-child-process child_process@
16 verbose lock child_process@ /Users/apprentice/.npm/512a7ef6-child-process.lock
17 silly addNameRange { name: 'child_process', range: '*', hasData: false }
18 verbose url raw child_process
19 verbose url resolving [ 'https://registry.npmjs.org/', './child_process' ]
20 verbose url resolved https://registry.npmjs.org/child_process
21 info trying registry request attempt 1 at 15:45:15
22 http GET https://registry.npmjs.org/child_process
23 http 404 https://registry.npmjs.org/child_process
24 verbose headers { server: 'CouchDB/1.5.0 (Erlang OTP/R16B03)',
24 verbose headers   'content-type': 'application/json',
24 verbose headers   'cache-control': 'max-age=0',
24 verbose headers   'content-length': '51',
24 verbose headers   'accept-ranges': 'bytes',
24 verbose headers   date: 'Wed, 13 May 2015 22:43:23 GMT',
24 verbose headers   via: '1.1 varnish',
24 verbose headers   age: '0',
24 verbose headers   connection: 'keep-alive',
24 verbose headers   'x-served-by': 'cache-sjc3121-SJC',
24 verbose headers   'x-cache': 'MISS',
24 verbose headers   'x-cache-hits': '0',
24 verbose headers   'x-timer': 'S1431557003.123849,VS0,VE39' }
25 silly registry.get cb [ 404,
25 silly registry.get   { server: 'CouchDB/1.5.0 (Erlang OTP/R16B03)',
25 silly registry.get     'content-type': 'application/json',
25 silly registry.get     'cache-control': 'max-age=0',
25 silly registry.get     'content-length': '51',
25 silly registry.get     'accept-ranges': 'bytes',
25 silly registry.get     date: 'Wed, 13 May 2015 22:43:23 GMT',
25 silly registry.get     via: '1.1 varnish',
25 silly registry.get     age: '0',
25 silly registry.get     connection: 'keep-alive',
25 silly registry.get     'x-served-by': 'cache-sjc3121-SJC',
25 silly registry.get     'x-cache': 'MISS',
25 silly registry.get     'x-cache-hits': '0',
25 silly registry.get     'x-timer': 'S1431557003.123849,VS0,VE39' } ]
26 silly lockFile 512a7ef6-child-process child_process@
27 silly lockFile 512a7ef6-child-process child_process@
28 error 404 404 Not Found: child_process
28 error 404
28 error 404 'child_process' is not in the npm registry.
28 error 404 You should bug the author to publish it
28 error 404 It was specified as a dependency of 'the-hub'
28 error 404
28 error 404 Note that you can also install from a
28 error 404 tarball, folder, or http url, or git url.
29 error System Darwin 13.4.0
30 error command "node" "/usr/local/bin/npm" "install" "--save" "child_process"
31 error cwd /Users/apprentice/Desktop/the-hub-v2
32 error node -v v0.10.29
33 error npm -v 1.4.14
34 error code E404
35 verbose exit [ 1, true ]
